*** Starting uWSGI 2.0.18 (64bit) on [Wed May  1 16:03:48 2019] ***
compiled with version: 4.8.5 20150623 (Red Hat 4.8.5-28) on 26 March 2019 06:49:24
os: Linux-3.10.0-693.el7.x86_64 #1 SMP Tue Aug 22 21:09:27 UTC 2017
nodename: localhost.localdomain
machine: x86_64
clock source: unix
pcre jit disabled
detected number of CPU cores: 4
current working directory: /home/python01/Learn/videoproject/videoproject
writing pidfile to /home/python01/Learn/videoproject/videoproject/uwsgi/uwsgi.pids
detected binary path: /usr/local/bin/uwsgi
chdir() to /home/python01/Learn/videoproject/videoproject
your processes number limit is 4096
your memory page size is 4096 bytes
detected max file descriptor number: 1024
lock engine: pthread robust mutexes
thunder lock: disabled (you can enable it with --thunder-lock)
uWSGI http bound on 127.0.0.1:8080 fd 3
uwsgi socket 0 bound to TCP address 127.0.0.1:8000 fd 6
Python version: 3.6.6 (default, Aug 13 2018, 18:24:23)  [GCC 4.8.5 20150623 (Red Hat 4.8.5-28)]
Set PythonHome to /home/python01/Learn/videoproject/venv
*** Python threads support is disabled. You can enable it with --enable-threads ***
Python main interpreter initialized at 0x1fa8690
your server socket listen backlog is limited to 100 connections
your mercy for graceful operations on workers is 60 seconds
mapped 364600 bytes (356 KB) for 4 cores
*** Operational MODE: preforking ***
WSGI app 0 (mountpoint='') ready in 0 seconds on interpreter 0x1fa8690 pid: 8217 (default app)
*** uWSGI is running in multiple interpreter mode ***
spawned uWSGI master process (pid: 8217)
spawned uWSGI worker 1 (pid: 8225, cores: 1)
spawned uWSGI worker 2 (pid: 8226, cores: 1)
spawned uWSGI worker 3 (pid: 8227, cores: 1)
spawned uWSGI worker 4 (pid: 8228, cores: 1)
*** Stats server enabled on 127.0.0.1:9191 fd: 18 ***
spawned uWSGI http 1 (pid: 8229)
SIGINT/SIGQUIT received...killing workers...
gateway "uWSGI http 1" has been buried (pid: 8229)
worker 1 buried after 1 seconds
worker 2 buried after 1 seconds
worker 3 buried after 1 seconds
worker 4 buried after 1 seconds
goodbye to uWSGI.
*** Starting uWSGI 2.0.18 (64bit) on [Wed May  1 16:07:06 2019] ***
compiled with version: 4.8.5 20150623 (Red Hat 4.8.5-28) on 26 March 2019 06:49:24
os: Linux-3.10.0-693.el7.x86_64 #1 SMP Tue Aug 22 21:09:27 UTC 2017
nodename: localhost.localdomain
machine: x86_64
clock source: unix
pcre jit disabled
detected number of CPU cores: 4
current working directory: /home/python01/Learn/videoproject/videoproject
writing pidfile to /home/python01/Learn/videoproject/videoproject/uwsgi/uwsgi.pid
detected binary path: /usr/local/bin/uwsgi
chdir() to /home/python01/Learn/videoproject/videoproject
your processes number limit is 4096
your memory page size is 4096 bytes
detected max file descriptor number: 1024
lock engine: pthread robust mutexes
thunder lock: disabled (you can enable it with --thunder-lock)
uWSGI http bound on 127.0.0.1:8080 fd 3
uwsgi socket 0 bound to TCP address 127.0.0.1:8000 fd 6
Python version: 3.6.6 (default, Aug 13 2018, 18:24:23)  [GCC 4.8.5 20150623 (Red Hat 4.8.5-28)]
Set PythonHome to /home/python01/Learn/videoproject/venv
*** Python threads support is disabled. You can enable it with --enable-threads ***
Python main interpreter initialized at 0x1802710
your server socket listen backlog is limited to 100 connections
your mercy for graceful operations on workers is 60 seconds
mapped 364600 bytes (356 KB) for 4 cores
*** Operational MODE: preforking ***
WSGI app 0 (mountpoint='') ready in 0 seconds on interpreter 0x1802710 pid: 10068 (default app)
*** uWSGI is running in multiple interpreter mode ***
spawned uWSGI master process (pid: 10068)
spawned uWSGI worker 1 (pid: 10076, cores: 1)
spawned uWSGI worker 2 (pid: 10077, cores: 1)
spawned uWSGI worker 3 (pid: 10078, cores: 1)
spawned uWSGI worker 4 (pid: 10079, cores: 1)
*** Stats server enabled on /home/python01/Learn/videoproject/videoproject/uwsgi/uwsgi.stats fd: 18 ***
spawned uWSGI http 1 (pid: 10080)
SIGINT/SIGQUIT received...killing workers...
gateway "uWSGI http 1" has been buried (pid: 10080)
worker 1 buried after 1 seconds
worker 2 buried after 1 seconds
worker 3 buried after 1 seconds
worker 4 buried after 1 seconds
goodbye to uWSGI.
*** Starting uWSGI 2.0.18 (64bit) on [Wed May  1 16:13:35 2019] ***
compiled with version: 4.8.5 20150623 (Red Hat 4.8.5-28) on 26 March 2019 06:49:24
os: Linux-3.10.0-693.el7.x86_64 #1 SMP Tue Aug 22 21:09:27 UTC 2017
nodename: localhost.localdomain
machine: x86_64
clock source: unix
pcre jit disabled
detected number of CPU cores: 4
current working directory: /home/python01/Learn/videoproject/videoproject
writing pidfile to /home/python01/Learn/videoproject/videoproject/uwsgi/uwsgi.pid
detected binary path: /usr/local/bin/uwsgi
chdir() to /home/python01/Learn/videoproject/videoproject
your processes number limit is 4096
your memory page size is 4096 bytes
detected max file descriptor number: 1024
lock engine: pthread robust mutexes
thunder lock: disabled (you can enable it with --thunder-lock)
uWSGI http bound on 127.0.0.1:8080 fd 3
uwsgi socket 0 bound to TCP address 127.0.0.1:8000 fd 6
Python version: 3.6.6 (default, Aug 13 2018, 18:24:23)  [GCC 4.8.5 20150623 (Red Hat 4.8.5-28)]
Set PythonHome to /home/python01/Learn/videoproject/venv
*** Python threads support is disabled. You can enable it with --enable-threads ***
Python main interpreter initialized at 0xd2c790
your server socket listen backlog is limited to 100 connections
your mercy for graceful operations on workers is 60 seconds
mapped 364600 bytes (356 KB) for 4 cores
*** Operational MODE: preforking ***
WSGI app 0 (mountpoint='') ready in 0 seconds on interpreter 0xd2c790 pid: 13543 (default app)
*** uWSGI is running in multiple interpreter mode ***
spawned uWSGI master process (pid: 13543)
spawned uWSGI worker 1 (pid: 13551, cores: 1)
spawned uWSGI worker 2 (pid: 13552, cores: 1)
spawned uWSGI worker 3 (pid: 13553, cores: 1)
spawned uWSGI worker 4 (pid: 13554, cores: 1)
*** Stats server enabled on /home/python01/Learn/videoproject/videoproject/uwsgi/uwsgi.status fd: 18 ***
spawned uWSGI http 1 (pid: 13555)
SIGINT/SIGQUIT received...killing workers...
gateway "uWSGI http 1" has been buried (pid: 13555)
worker 1 buried after 1 seconds
worker 2 buried after 1 seconds
worker 3 buried after 1 seconds
worker 4 buried after 1 seconds
goodbye to uWSGI.
VACUUM: pidfile removed.
VACUUM: unix socket /home/python01/Learn/videoproject/videoproject/uwsgi/uwsgi.status (stats) removed.
